\BOOKMARK [0][-]{part*.2}{\376\377\000P\000r\000e\000l\000i\000m\000i\000n\000a\000r\000i\000e\000s}{}% 1
\BOOKMARK [0][-]{part.1}{\376\377\000I\000\040\000G\000r\000o\000u\000p\000\040\000T\000h\000e\000o\000r\000y}{}% 2
\BOOKMARK [1][-]{section.1}{\376\377\000S\000y\000m\000m\000e\000t\000r\000i\000c\000\040\000G\000r\000o\000u\000p\000s}{part.1}% 3
\BOOKMARK [2][-]{subsection.1.1}{\376\377\000B\000a\000s\000i\000c\000\040\000D\000e\000f\000i\000n\000i\000t\000i\000o\000n\000s}{section.1}% 4
\BOOKMARK [2][-]{subsection.1.2}{\376\377\000C\000y\000c\000l\000e\000\040\000D\000e\000c\000o\000m\000p\000o\000s\000i\000t\000i\000o\000n}{section.1}% 5
\BOOKMARK [2][-]{subsection.1.3}{\376\377\000G\000e\000n\000e\000r\000a\000t\000o\000r\000s\000\040\000o\000f\000\040\000S\000y\000m\000m\000e\000t\000r\000i\000c\000\040\000G\000r\000o\000u\000p\000s}{section.1}% 6
\BOOKMARK [2][-]{subsection.1.4}{\376\377\000S\000i\000g\000n\000\040\000o\000f\000\040\000a\000\040\000P\000e\000r\000m\000u\000t\000a\000t\000i\000o\000n}{section.1}% 7
\BOOKMARK [2][-]{subsection.1.5}{\376\377\000A\000l\000t\000e\000r\000n\000a\000t\000i\000n\000g\000\040\000G\000r\000o\000u\000p}{section.1}% 8
\BOOKMARK [1][-]{section.2}{\376\377\000D\000i\000h\000e\000d\000r\000a\000l\000\040\000G\000r\000o\000u\000p\000s\000\040\000a\000n\000d\000\040\000t\000h\000e\000\040\000Q\000u\000a\000t\000e\000r\000n\000i\000o\000n\000\040\000G\000r\000o\000u\000p}{part.1}% 9
\BOOKMARK [2][-]{subsection.2.1}{\376\377\000D\000i\000h\000e\000d\000r\000a\000l\000\040\000G\000r\000o\000u\000p\000s}{section.2}% 10
\BOOKMARK [2][-]{subsection.2.2}{\376\377\000P\000r\000e\000s\000e\000n\000t\000a\000t\000i\000o\000n\000s\000\040\000o\000f\000\040\000D\000i\000h\000e\000d\000r\000a\000l\000\040\000G\000r\000o\000u\000p\000s}{section.2}% 11
\BOOKMARK [2][-]{subsection.2.3}{\376\377\000S\000u\000b\000g\000r\000o\000u\000p\000s\000\040\000o\000f\000\040\000D\000i\000h\000e\000d\000r\000a\000l\000\040\000G\000r\000o\000u\000p\000s}{section.2}% 12
\BOOKMARK [2][-]{subsection.2.4}{\376\377\000Q\000u\000a\000t\000e\000r\000n\000i\000o\000n\000\040\000G\000r\000o\000u\000p}{section.2}% 13
\BOOKMARK [1][-]{section.3}{\376\377\000G\000r\000o\000u\000p\000\040\000A\000c\000t\000i\000o\000n\000s}{part.1}% 14
\BOOKMARK [2][-]{subsection.3.1}{\376\377\000B\000a\000s\000i\000c\000\040\000D\000e\000f\000i\000n\000i\000t\000i\000o\000n\000s}{section.3}% 15
\BOOKMARK [2][-]{subsection.3.2}{\376\377\000O\000r\000b\000i\000t\000-\000S\000t\000a\000b\000i\000l\000i\000z\000e\000r\000\040\000T\000h\000e\000o\000r\000e\000m}{section.3}% 16
\BOOKMARK [2][-]{subsection.3.3}{\376\377\000K\000e\000r\000n\000e\000l\000\040\000o\000f\000\040\000G\000r\000o\000u\000p\000\040\000A\000c\000t\000i\000o\000n\000s}{section.3}% 17
\BOOKMARK [2][-]{subsection.3.4}{\376\377\000T\000r\000a\000n\000s\000i\000t\000i\000v\000e\000\040\000A\000c\000t\000i\000o\000n\000s}{section.3}% 18
\BOOKMARK [2][-]{subsection.3.5}{\376\377\000C\000o\000n\000j\000u\000g\000a\000t\000i\000o\000n\000s}{section.3}% 19
\BOOKMARK [2][-]{subsection.3.6}{\376\377\000T\000r\000a\000n\000s\000l\000a\000t\000i\000o\000n\000s}{section.3}% 20
\BOOKMARK [1][-]{section.4}{\376\377\000T\000h\000e\000\040\000S\000y\000l\000o\000w\000\040\000T\000h\000e\000o\000r\000e\000m\000s}{part.1}% 21
\BOOKMARK [2][-]{subsection.4.1}{\376\377\000p\000-\000g\000r\000o\000u\000p\000s}{section.4}% 22
\BOOKMARK [2][-]{subsection.4.2}{\376\377\000S\000y\000l\000o\000w\000'\000s\000\040\000T\000h\000e\000o\000r\000e\000m\000s}{section.4}% 23
\BOOKMARK [2][-]{subsection.4.3}{\376\377\000A\000p\000p\000l\000i\000c\000a\000t\000i\000o\000n\000s}{section.4}% 24
\BOOKMARK [1][-]{section.5}{\376\377\000S\000e\000r\000i\000e\000s}{part.1}% 25
\BOOKMARK [2][-]{subsection.5.1}{\376\377\000B\000a\000s\000i\000c\000\040\000D\000e\000f\000i\000n\000i\000t\000i\000o\000n\000s\000\040\000a\000n\000d\000\040\000E\000x\000a\000m\000p\000l\000e\000s}{section.5}% 26
\BOOKMARK [2][-]{subsection.5.2}{\376\377\000B\000a\000s\000i\000c\000\040\000P\000r\000o\000p\000e\000r\000t\000i\000e\000s}{section.5}% 27
\BOOKMARK [2][-]{subsection.5.3}{\376\377\000S\000c\000h\000r\000e\000i\000e\000r\000\040\000R\000e\000f\000i\000n\000e\000m\000e\000n\000t\000\040\000T\000h\000e\000o\000r\000e\000m\000\040\000a\000n\000d\000\040\000J\000o\000r\000d\000a\000n\040\023\000H\000\366\000l\000d\000e\000r\000\040\000T\000h\000e\000o\000r\000e\000m}{section.5}% 28
\BOOKMARK [1][-]{section.6}{\376\377\000D\000i\000r\000e\000c\000t\000\040\000P\000r\000o\000d\000u\000c\000t\000s}{part.1}% 29
\BOOKMARK [2][-]{subsection.6.1}{\376\377\000D\000i\000r\000e\000c\000t\000\040\000P\000r\000o\000d\000u\000c\000t\000s\000\040\000o\000f\000\040\000F\000i\000n\000i\000t\000e\000l\000y\000\040\000M\000a\000n\000y\000\040\000G\000r\000o\000u\000p\000s}{section.6}% 30
\BOOKMARK [2][-]{subsection.6.2}{\376\377\000D\000i\000r\000e\000c\000t\000\040\000P\000r\000o\000d\000u\000c\000t\000s\000\040\000o\000f\000\040\000I\000n\000f\000i\000n\000i\000t\000e\000l\000y\000\040\000M\000a\000n\000y\000\040\000G\000r\000o\000u\000p\000s}{section.6}% 31
\BOOKMARK [1][-]{section.7}{\376\377\000S\000t\000r\000u\000c\000t\000u\000r\000e\000\040\000T\000h\000e\000o\000r\000e\000m\000\040\000f\000o\000r\000\040\000F\000i\000n\000i\000t\000e\000l\000y\000\040\000G\000e\000n\000e\000r\000a\000t\000e\000d\000\040\000A\000b\000e\000l\000i\000a\000n\000\040\000G\000r\000o\000u\000p\000s}{part.1}% 32
\BOOKMARK [2][-]{subsection.7.1}{\376\377\000F\000r\000e\000e\000\040\000A\000b\000e\000l\000i\000a\000n\000\040\000G\000r\000o\000u\000p\000s}{section.7}% 33
\BOOKMARK [2][-]{subsection.7.2}{\376\377\000S\000t\000r\000u\000c\000t\000u\000r\000e\000\040\000T\000h\000e\000o\000r\000e\000m}{section.7}% 34
\BOOKMARK [1][-]{section.8}{\376\377\000S\000e\000m\000i\000d\000i\000r\000e\000c\000t\000\040\000P\000r\000o\000d\000u\000c\000t\000s}{part.1}% 35
\BOOKMARK [2][-]{subsection.8.1}{\376\377\000D\000e\000f\000i\000n\000i\000t\000i\000o\000n\000s\000\040\000a\000n\000d\000\040\000P\000r\000o\000p\000e\000r\000t\000i\000e\000s}{section.8}% 36
\BOOKMARK [2][-]{subsection.8.2}{\376\377\000E\000x\000a\000m\000p\000l\000e\000s}{section.8}% 37
\BOOKMARK [2][-]{subsection.8.3}{\376\377\000S\000o\000m\000e\000\040\000C\000l\000a\000s\000s\000i\000f\000i\000c\000a\000t\000i\000o\000n\000s\000\040\000o\000f\000\040\000G\000r\000o\000u\000p\000s}{section.8}% 38
\BOOKMARK [2][-]{subsection.8.4}{\376\377\000S\000y\000l\000o\000w\000\040\000T\000h\000e\000o\000r\000e\000m\000s\000\040\000f\000o\000r\000\040\000G\000r\000o\000u\000p\000s\000\040\000w\000i\000t\000h\000\040\000O\000p\000e\000r\000a\000t\000o\000r\000\040\000G\000r\000o\000u\000p\000s}{section.8}% 39
\BOOKMARK [1][-]{section.9}{\376\377\000W\000r\000e\000a\000t\000h\000\040\000P\000r\000o\000d\000u\000c\000t\000s}{part.1}% 40
\BOOKMARK [2][-]{subsection.9.1}{\376\377\000C\000o\000n\000s\000t\000r\000u\000c\000t\000i\000o\000n\000\040\000a\000n\000d\000\040\000B\000a\000s\000i\000c\000\040\000P\000r\000o\000p\000e\000r\000t\000i\000e\000s}{section.9}% 41
\BOOKMARK [2][-]{subsection.9.2}{\376\377\000I\000m\000p\000r\000i\000m\000i\000t\000i\000v\000e\000\040\000A\000c\000t\000i\000o\000n}{section.9}% 42
\BOOKMARK [2][-]{subsection.9.3}{\376\377\000P\000r\000o\000d\000u\000c\000t\000\040\000A\000c\000t\000i\000o\000n}{section.9}% 43
\BOOKMARK [1][-]{section.10}{\376\377\000S\000o\000l\000v\000a\000b\000l\000e\000\040\000a\000n\000d\000\040\000N\000i\000l\000p\000o\000t\000e\000n\000t\000\040\000G\000r\000o\000u\000p\000s}{part.1}% 44
\BOOKMARK [2][-]{subsection.10.1}{\376\377\000S\000o\000l\000v\000a\000b\000l\000e\000\040\000G\000r\000o\000u\000p\000s}{section.10}% 45
\BOOKMARK [2][-]{subsection.10.2}{\376\377\000N\000i\000l\000p\000o\000t\000e\000n\000t\000\040\000G\000r\000o\000u\000p\000s}{section.10}% 46
\BOOKMARK [2][-]{subsection.10.3}{\376\377\000E\000x\000a\000m\000p\000l\000e\000s}{section.10}% 47
\BOOKMARK [3][-]{subsubsection.10.3.1}{\376\377\000T\000r\000i\000a\000n\000g\000u\000l\000a\000r\000\040\000M\000a\000t\000r\000i\000c\000e\000s}{subsection.10.3}% 48
\BOOKMARK [3][-]{subsubsection.10.3.2}{\376\377\000p\000-\000g\000r\000o\000u\000p\000s}{subsection.10.3}% 49
\BOOKMARK [3][-]{subsubsection.10.3.3}{\376\377\000S\000y\000m\000m\000e\000t\000r\000i\000c\000\040\000G\000r\000o\000u\000p\000s}{subsection.10.3}% 50
\BOOKMARK [2][-]{subsection.10.4}{\376\377\000C\000h\000a\000r\000a\000c\000t\000e\000r\000i\000z\000a\000t\000i\000o\000n\000\040\000o\000f\000\040\000F\000i\000n\000i\000t\000e\000\040\000N\000i\000l\000p\000o\000t\000e\000n\000t\000\040\000G\000r\000o\000u\000p\000s}{section.10}% 51
\BOOKMARK [1][-]{section.11}{\376\377\000F\000r\000e\000e\000\040\000G\000r\000o\000u\000p\000s}{part.1}% 52
\BOOKMARK [2][-]{subsection.11.1}{\376\377\000D\000e\000f\000i\000n\000i\000t\000i\000o\000n}{section.11}% 53
\BOOKMARK [2][-]{subsection.11.2}{\376\377\000T\000h\000r\000e\000e\000\040\000W\000a\000y\000s\000\040\000o\000f\000\040\000C\000o\000n\000s\000t\000r\000u\000c\000t\000i\000n\000g\000\040\000F\000r\000e\000e\000\040\000G\000r\000o\000u\000p\000s}{section.11}% 54
\BOOKMARK [3][-]{subsubsection.11.2.1}{\376\377\000G\000r\000o\000u\000p\000s\000\040\000o\000f\000\040\000W\000o\000r\000d\000s\000:\000\040\000a\000\040\000B\000e\000g\000i\000n\000n\000e\000r\000'\000s\000\040\000F\000a\000v\000o\000u\000r\000i\000t\000e}{subsection.11.2}% 55
\BOOKMARK [3][-]{subsubsection.11.2.2}{\376\377\000C\000o\000n\000s\000t\000r\000u\000c\000t\000i\000o\000n\000\040\000f\000r\000o\000m\000\040\000E\000q\000u\000i\000v\000a\000l\000e\000n\000c\000e\000\040\000C\000l\000a\000s\000s\000e\000s\000:\000\040\000a\000\040\000L\000o\000g\000i\000c\000i\000a\000n\000'\000s\000\040\000F\000a\000v\000o\000u\000r\000i\000t\000e}{subsection.11.2}% 56
\BOOKMARK [3][-]{subsubsection.11.2.3}{\376\377\000C\000r\000a\000z\000y\000\040\000C\000o\000n\000s\000t\000r\000u\000c\000t\000i\000o\000n\000\040\000f\000r\000o\000m\000\040\000D\000i\000r\000e\000c\000t\000\040\000P\000r\000o\000d\000u\000c\000t\000s\000:\000\040\000O\000n\000l\000y\000\040\000S\000e\000r\000g\000e\000\040\000L\000a\000n\000g\000'\000s\000\040\000F\000a\000v\000o\000u\000r\000i\000t\000e}{subsection.11.2}% 57
\BOOKMARK [2][-]{subsection.11.3}{\376\377\000G\000r\000o\000u\000p\000\040\000P\000r\000e\000s\000e\000n\000t\000a\000t\000i\000o\000n\000s}{section.11}% 58
\BOOKMARK [2][-]{subsection.11.4}{\376\377\000N\000i\000e\000l\000s\000e\000n\000-\000S\000c\000h\000r\000e\000i\000e\000r\000\040\000T\000h\000e\000o\000r\000e\000m}{section.11}% 59
\BOOKMARK [0][-]{part.2}{\376\377\000I\000I\000\040\000R\000i\000n\000g\000\040\000T\000h\000e\000o\000r\000y}{}% 60
\BOOKMARK [1][-]{section.12}{\376\377\000I\000d\000e\000a\000l\000s}{part.2}% 61
\BOOKMARK [0][-]{part.3}{\376\377\000I\000I\000I\000\040\000M\000i\000s\000c\000e\000l\000l\000a\000n\000e\000o\000u\000s}{}% 62
\BOOKMARK [1][-]{section.0}{\376\377\000Z\000a\000b\000a\000l\000a\000n\000g}{part.3}% 63
\BOOKMARK [2][-]{subsection.0.1}{\376\377\000F\000r\000e\000e\000e\000e\000e}{section.0}% 64
\BOOKMARK [2][-]{subsection.0.2}{\376\377\000Z\000O\000R\000N\000'\000S\000\040\000L\000E\000M\000M\000A\000!\000!\000!\000!}{section.0}% 65
\BOOKMARK [2][-]{subsection.0.3}{\376\377\000B\000I\000L\000A\000\040\000N\000A\000K\000\040\000C\000O\000U\000N\000T\000A\000B\000L\000E\000\040\000O\000R\000\040\000U\000N\000C\000O\000U\000N\000T\000A\000B\000L\000E\000,\000\040\000P\000E\000N\000A\000N\000G\000\040\000L\000I\000H}{section.0}% 66
\BOOKMARK [3][-]{subsubsection.0.3.1}{\376\377\000H\000o\000w\000\040\000W\000e\000\040\000A\000c\000t\000u\000a\000l\000l\000y\000\040\000D\000e\000f\000i\000n\000e\000\040\000t\000h\000e\000\040\000`\000`\000S\000i\000z\000e\000"\000\040\000o\000f\000\040\000a\000\040\000S\000e\000t}{subsection.0.3}% 67
\BOOKMARK [3][-]{subsubsection.0.3.2}{\376\377\000T\000o\000o\000l\000s\000\040\000t\000o\000\040\000`\000`\000C\000o\000m\000p\000a\000r\000e\000\040\000t\000h\000e\000\040\000S\000i\000z\000e\000"}{subsection.0.3}% 68
\BOOKMARK [3][-]{subsubsection.0.3.3}{\376\377\000C\000a\000r\000d\000i\000n\000a\000l\000\040\000A\000r\000i\000t\000h\000m\000e\000t\000i\000c\000\040\000I\000s\000\040\000S\000t\000r\000a\000n\000g\000e\000\040\000b\000u\000t\000\040\000N\000o\000t\000\040\000W\000e\000i\000r\000d\000o}{subsection.0.3}% 69
\BOOKMARK [3][-]{subsubsection.0.3.4}{\376\377\000A\000l\000l\000\040\000t\000h\000e\000\040\000F\000a\000c\000t\000s\000\040\000T\000h\000a\000t\000\040\000M\000a\000k\000e\000\040\000Y\000o\000u\000\040\000a\000\040\000W\000e\000i\000r\000d\000o}{subsection.0.3}% 70
\BOOKMARK [2][-]{subsection.0.4}{\376\377\000O\000r\000d\000i\000n\000a\000l\000\040\000w\000a\000s\000\040\000n\000o\000t\000\040\000i\000n\000v\000e\000n\000t\000e\000d\000\040\000b\000y\000\040\000o\000r\000d\000i\000n\000a\000r\000y\000\040\000p\000e\000o\000p\000l\000e}{section.0}% 71
\BOOKMARK [3][-]{subsubsection.0.4.1}{\376\377\000H\000o\000w\000\040\000w\000e\000\040\000a\000c\000t\000u\000a\000l\000l\000y\000\040\000`\000`\000o\000r\000d\000e\000r\000"\000\040\000e\000l\000e\000m\000e\000n\000t\000s}{subsection.0.4}% 72
\BOOKMARK [3][-]{subsubsection.0.4.2}{\376\377\000E\000l\000e\000m\000e\000n\000t\000s\000\040\000a\000r\000e\000\040\000a\000l\000w\000a\000y\000s\000\040\000o\000r\000d\000e\000r\000e\000d\000\040\000n\000i\000c\000e\000l\000y\000,\000\040\000n\000o\000t\000\040\000n\000i\000c\000e\000l\000y\000,\000\040\000w\000h\000a\000t\000e\000v\000e\000r}{subsection.0.4}% 73
\BOOKMARK [3][-]{subsubsection.0.4.3}{\376\377\000O\000n\000e\000,\000\040\000t\000w\000o\000,\000\040\000t\000h\000r\000e\000e\000,\000\040\040\046\000\040\000O\000M\000E\000G\000A\000!}{subsection.0.4}% 74
\BOOKMARK [3][-]{subsubsection.0.4.4}{\376\377\000E\000a\000c\000h\000\040\000w\000e\000l\000l\000\040\000o\000r\000d\000e\000r\000e\000d\000\040\000s\000e\000t\000\040\000h\000a\000s\000\040\000a\000\040\000u\000n\000i\000q\000u\000e\000\040\000o\000r\000d\000e\000r\000\040\000t\000y\000p\000e}{subsection.0.4}% 75
\BOOKMARK [3][-]{subsubsection.0.4.5}{\376\377\000P\000l\000a\000y\000i\000n\000g\000\040\000D\000o\000m\000i\000n\000o\000e\000s\000\040\000a\000t\000\040\000T\000h\000e\000\040\000E\000d\000g\000e\000\040\000o\000f\000\040\000U\000n\000i\000v\000e\000r\000s\000e}{subsection.0.4}% 76
\BOOKMARK [0][-]{section*.44}{\376\377\000R\000e\000f\000e\000r\000e\000n\000c\000e\000s}{}% 77
